<?xml version="1.0" encoding="UTF-8"?>
<!-- Generated by org.testng.reporters.JUnitReportReporter -->
<testsuite hostname="DESKTOP-FLB2E45" failures="0" tests="2" name="script.ValidLogin" time="45.288" errors="0" timestamp="20 Aug 2021 08:01:39 GMT" skipped="0">
  <testcase classname="script.ValidLogin" name="testValidLogin" time="21.751"/>
  <testcase classname="script.ValidLogin" name="testValidLogin" time="23.537"/>
</testsuite> <!-- script.ValidLogin -->
