<?xml version="1.0" encoding="UTF-8"?>
<!-- Generated by org.testng.reporters.JUnitReportReporter -->
<testsuite hostname="DESKTOP-FLB2E45" failures="0" tests="2" name="script.InvalidLogin" time="34.234" errors="0" timestamp="20 Aug 2021 08:01:39 GMT" skipped="0">
  <testcase classname="script.InvalidLogin" name="testInvalidLogin" time="11.820"/>
  <testcase classname="script.InvalidLogin" name="testInvalidLogin" time="22.414"/>
</testsuite> <!-- script.InvalidLogin -->
