<?xml version="1.0" encoding="UTF-8"?>
<!-- Generated by org.testng.reporters.JUnitReportReporter -->
<testsuite hostname="DESKTOP-FLB2E45" failures="0" tests="1" name="p1.Demo1" time="10.791" errors="0" timestamp="19 Aug 2021 07:49:24 GMT" skipped="0">
  <testcase classname="p1.Demo1" name="TestA" time="10.791"/>
</testsuite> <!-- p1.Demo1 -->
