<?xml version="1.0" encoding="UTF-8"?>
<!-- Generated by org.testng.reporters.JUnitReportReporter -->
<testsuite hostname="DESKTOP-FLB2E45" failures="0" tests="1" name="script.ValidLogin" time="43.773" errors="0" timestamp="20 Aug 2021 07:52:28 GMT" skipped="0">
  <testcase classname="script.ValidLogin" name="testValidLogin" time="43.773"/>
</testsuite> <!-- script.ValidLogin -->
