<?xml version="1.0" encoding="UTF-8"?>
<!-- Generated by org.testng.reporters.JUnitReportReporter -->
<testsuite hostname="DESKTOP-FLB2E45" failures="0" tests="1" name="script.InvalidLogin" time="14.146" errors="0" timestamp="20 Aug 2021 07:52:28 GMT" skipped="0">
  <testcase classname="script.InvalidLogin" name="testInvalidLogin" time="14.146"/>
</testsuite> <!-- script.InvalidLogin -->
